[metrics] Defined functions (3)
=====================
 control_flow_copy (1 call); main (0 call); user_memcpy2 (1 call); 

Specified-only functions (0)
============================
 

Undefined and unspecified functions (0)
=======================================
 

'Extern' global variables (0)
=============================
 

Potential entry points (1)
==========================
 main; 

Global metrics
============== 
Sloc = 788
Decision point = 257
Global variables = 1
If = 1
Loop = 1
Goto = 256
Assignment = 264
Exit point = 3
Function = 3
Function call = 4
Pointer dereferencing = 5
Cyclomatic complexity = 260
