[metrics] Defined functions (1)
=====================
 main (0 call); 

Specified-only functions (0)
============================
 

Undefined and unspecified functions (0)
=======================================
 

'Extern' global variables (0)
=============================
 

Potential entry points (1)
==========================
 main; 

Global metrics
============== 
Sloc = 29
Decision point = 3
Global variables = 1
If = 3
Loop = 0
Goto = 0
Assignment = 14
Exit point = 1
Function = 1
Function call = 9
Pointer dereferencing = 2
Cyclomatic complexity = 4
