[metrics] Defined functions (1)
=====================
 main (0 call); 

Specified-only functions (0)
============================
 

Undefined and unspecified functions (0)
=======================================
 

'Extern' global variables (0)
=============================
 

Potential entry points (1)
==========================
 main; 

Global metrics
============== 
Sloc = 461
Decision point = 79
Global variables = 1
If = 79
Loop = 5
Goto = 8
Assignment = 317
Exit point = 1
Function = 1
Function call = 32
Pointer dereferencing = 211
Cyclomatic complexity = 80
