[metrics] Defined functions (1)
=====================
 main (0 call); 

Specified-only functions (0)
============================
 

Undefined and unspecified functions (0)
=======================================
 

'Extern' global variables (0)
=============================
 

Potential entry points (1)
==========================
 main; 

Global metrics
============== 
Sloc = 190
Decision point = 32
Global variables = 0
If = 32
Loop = 12
Goto = 4
Assignment = 79
Exit point = 1
Function = 1
Function call = 17
Pointer dereferencing = 13
Cyclomatic complexity = 33
