[metrics] Defined functions (1)
=====================
 main (0 call); 

Specified-only functions (0)
============================
 

Undefined and unspecified functions (0)
=======================================
 

'Extern' global variables (0)
=============================
 

Potential entry points (1)
==========================
 main; 

Global metrics
============== 
Sloc = 746
Decision point = 137
Global variables = 0
If = 137
Loop = 36
Goto = 21
Assignment = 346
Exit point = 1
Function = 1
Function call = 16
Pointer dereferencing = 75
Cyclomatic complexity = 138
