[metrics] Defined functions (2)
=====================
 main (0 call); user_memcpy (1 call); 

Specified-only functions (0)
============================
 

Undefined and unspecified functions (0)
=======================================
 

'Extern' global variables (0)
=============================
 

Potential entry points (1)
==========================
 main; 

Global metrics
============== 
Sloc = 15
Decision point = 1
Global variables = 1
If = 1
Loop = 1
Goto = 0
Assignment = 7
Exit point = 2
Function = 2
Function call = 2
Pointer dereferencing = 5
Cyclomatic complexity = 3
