[metrics] Defined functions (1)
=====================
 main (0 call); 

Specified-only functions (0)
============================
 

Undefined and unspecified functions (0)
=======================================
 

'Extern' global variables (0)
=============================
 

Potential entry points (1)
==========================
 main; 

Global metrics
============== 
Sloc = 20
Decision point = 1
Global variables = 1
If = 1
Loop = 0
Goto = 0
Assignment = 11
Exit point = 1
Function = 1
Function call = 3
Pointer dereferencing = 2
Cyclomatic complexity = 2
