[metrics] Defined functions (2)
=====================
 f (1 call); main (0 call); 

Specified-only functions (0)
============================
 

Undefined and unspecified functions (0)
=======================================
 

'Extern' global variables (0)
=============================
 

Potential entry points (1)
==========================
 main; 

Global metrics
============== 
Sloc = 14
Decision point = 0
Global variables = 1
If = 0
Loop = 0
Goto = 0
Assignment = 7
Exit point = 2
Function = 2
Function call = 5
Pointer dereferencing = 6
Cyclomatic complexity = 2
