[metrics] Eva coverage statistics
=======================
Syntactically reachable functions = 49 (out of 49)
Semantically reached functions = 14
Coverage estimation = 28.6% 

Unreached functions (35) =
  <2019/adamovsky/progSpoiler.c>: Apply2; ApplyExit; ApplyInit; fA; fA1; fA2;
    fC; fCh; fCont; fD; fD0; fD1; fE; fI; fK0; fK1; fP; fR; fS0; fS1; fS2;
    fS21; fS22; fV; fW; rA1; rA2; rApply1; rApply2; rC; rCont; rD; rE; rS1;
    rS2;
[metrics] References to non-analyzed functions
------------------------------------
Function Apply1 references rCont (at 2019/adamovsky/progSpoiler.c:289)
Function Apply1 references rE (at 2019/adamovsky/progSpoiler.c:290)
Function Apply1 references rApply1 (at 2019/adamovsky/progSpoiler.c:294)
Function Apply1 references fD0 (at 2019/adamovsky/progSpoiler.c:298)
Function Apply1 calls Apply2 (at 2019/adamovsky/progSpoiler.c:298)
Function Apply1 references ApplyInit (at 2019/adamovsky/progSpoiler.c:300)
Function Apply1 references fD (at 2019/adamovsky/progSpoiler.c:301)
Function Dereference references fW (at 2019/adamovsky/progSpoiler.c:61)
Function Dereference references fCh (at 2019/adamovsky/progSpoiler.c:61)
Function Dereference references fCh (at 2019/adamovsky/progSpoiler.c:61)
Function Dereference references fW (at 2019/adamovsky/progSpoiler.c:61)
Function Dereference references fCont (at 2019/adamovsky/progSpoiler.c:62)
Function Dereference references fCont (at 2019/adamovsky/progSpoiler.c:62)
Function Dereference references rC (at 2019/adamovsky/progSpoiler.c:63)
Function Dereference references rCont (at 2019/adamovsky/progSpoiler.c:63)
Function Dereference references rE (at 2019/adamovsky/progSpoiler.c:63)
Function Dereference references rE (at 2019/adamovsky/progSpoiler.c:63)
Function Dereference references rCont (at 2019/adamovsky/progSpoiler.c:63)
Function Dereference references rC (at 2019/adamovsky/progSpoiler.c:63)
Function main references rCont (at 2019/adamovsky/progSpoiler.c:117)
Function main references rE (at 2019/adamovsky/progSpoiler.c:119)
Function main references fCont (at 2019/adamovsky/progSpoiler.c:125)
Function Output references fK0 (at 2019/adamovsky/progSpoiler.c:509)
Function Output references fK1 (at 2019/adamovsky/progSpoiler.c:510)
Function Output references fS0 (at 2019/adamovsky/progSpoiler.c:513)
Function Output references fS1 (at 2019/adamovsky/progSpoiler.c:514)
Function Output references fS2 (at 2019/adamovsky/progSpoiler.c:517)
Function Output references fI (at 2019/adamovsky/progSpoiler.c:521)
Function Output references fV (at 2019/adamovsky/progSpoiler.c:522)
Function Output references fW (at 2019/adamovsky/progSpoiler.c:523)
Function Output references fR (at 2019/adamovsky/progSpoiler.c:528)
Function Output references fCh (at 2019/adamovsky/progSpoiler.c:529)
Function Output references fP (at 2019/adamovsky/progSpoiler.c:532)
Function Output references fC (at 2019/adamovsky/progSpoiler.c:533)
Function Output references fE (at 2019/adamovsky/progSpoiler.c:534)
Function Output references fD0 (at 2019/adamovsky/progSpoiler.c:535)
Function Output references fD (at 2019/adamovsky/progSpoiler.c:536)
Function Output references fA (at 2019/adamovsky/progSpoiler.c:539)
Function Output references fCont (at 2019/adamovsky/progSpoiler.c:543)
Function Output references fCont (at 2019/adamovsky/progSpoiler.c:543)
Function Output references fA (at 2019/adamovsky/progSpoiler.c:539)
Function Output references fD (at 2019/adamovsky/progSpoiler.c:536)
Function Output references fD0 (at 2019/adamovsky/progSpoiler.c:535)
Function Output references fE (at 2019/adamovsky/progSpoiler.c:534)
Function Output references fC (at 2019/adamovsky/progSpoiler.c:533)
Function Output references fP (at 2019/adamovsky/progSpoiler.c:532)
Function Output references fCh (at 2019/adamovsky/progSpoiler.c:529)
Function Output references fR (at 2019/adamovsky/progSpoiler.c:528)
Function Output references fW (at 2019/adamovsky/progSpoiler.c:523)
Function Output references fV (at 2019/adamovsky/progSpoiler.c:522)
Function Output references fI (at 2019/adamovsky/progSpoiler.c:521)
Function Output references fS2 (at 2019/adamovsky/progSpoiler.c:517)
Function Output references fS1 (at 2019/adamovsky/progSpoiler.c:514)
Function Output references fS0 (at 2019/adamovsky/progSpoiler.c:513)
Function Output references fK1 (at 2019/adamovsky/progSpoiler.c:510)
Function Output references fK0 (at 2019/adamovsky/progSpoiler.c:509)
Initializer of T references fW (at 2019/adamovsky/progSpoiler.c:493)
Initializer of T references fCh (at 2019/adamovsky/progSpoiler.c:494)
Initializer of T references fR (at 2019/adamovsky/progSpoiler.c:495)
Initializer of T references fC (at 2019/adamovsky/progSpoiler.c:497)
Initializer of T references fD0 (at 2019/adamovsky/progSpoiler.c:498)
Initializer of T references fE (at 2019/adamovsky/progSpoiler.c:499)
Initializer of T references fI (at 2019/adamovsky/progSpoiler.c:500)
Initializer of T references fK0 (at 2019/adamovsky/progSpoiler.c:501)
Initializer of T references fW (at 2019/adamovsky/progSpoiler.c:502)
Initializer of T references fS0 (at 2019/adamovsky/progSpoiler.c:503)
Initializer of T references fV (at 2019/adamovsky/progSpoiler.c:504)
Initializer of T references fP (at 2019/adamovsky/progSpoiler.c:505)
[metrics] Statements analyzed by Eva
--------------------------
210 stmts in analyzed functions, 136 stmts analyzed (64.8%)
Char: 8 stmts out of 8 (100.0%)
Create: 15 stmts out of 15 (100.0%)
Dereference: 14 stmts out of 14 (100.0%)
NewLine: 3 stmts out of 3 (100.0%)
Next: 19 stmts out of 19 (100.0%)
Reference: 2 stmts out of 2 (100.0%)
I: 7 stmts out of 8 (87.5%)
Output: 34 stmts out of 47 (72.3%)
Apply: 2 stmts out of 3 (66.7%)
X: 2 stmts out of 3 (66.7%)
main: 27 stmts out of 49 (55.1%)
E: 1 stmts out of 2 (50.0%)
F: 1 stmts out of 2 (50.0%)
Apply1: 1 stmts out of 35 (2.9%)
