[metrics] Defined functions (1)
=====================
 main (0 call); 

Specified-only functions (0)
============================
 

Undefined and unspecified functions (0)
=======================================
 

'Extern' global variables (0)
=============================
 

Potential entry points (1)
==========================
 main; 

Global metrics
============== 
Sloc = 105
Decision point = 12
Global variables = 0
If = 12
Loop = 4
Goto = 0
Assignment = 64
Exit point = 1
Function = 1
Function call = 4
Pointer dereferencing = 0
Cyclomatic complexity = 13
