[metrics] Defined functions (1)
=====================
 main (0 call); 

Specified-only functions (0)
============================
 

Undefined and unspecified functions (0)
=======================================
 

'Extern' global variables (0)
=============================
 

Potential entry points (1)
==========================
 main; 

Global metrics
============== 
Sloc = 6
Decision point = 0
Global variables = 0
If = 0
Loop = 0
Goto = 0
Assignment = 3
Exit point = 1
Function = 1
Function call = 3
Pointer dereferencing = 1
Cyclomatic complexity = 1
