[metrics] Defined functions (2)
=====================
 f (1 call); main (0 call); 

Specified-only functions (0)
============================
 

Undefined and unspecified functions (0)
=======================================
 

'Extern' global variables (0)
=============================
 

Potential entry points (1)
==========================
 main; 

Global metrics
============== 
Sloc = 12
Decision point = 1
Global variables = 2
If = 1
Loop = 0
Goto = 0
Assignment = 6
Exit point = 2
Function = 2
Function call = 3
Pointer dereferencing = 0
Cyclomatic complexity = 3
