[metrics] Defined functions (3)
=====================
 isset (2 calls); main (0 call); set (1 call); 

Specified-only functions (0)
============================
 

Undefined and unspecified functions (0)
=======================================
 

'Extern' global variables (0)
=============================
 

Potential entry points (1)
==========================
 main; 

Global metrics
============== 
Sloc = 17
Decision point = 1
Global variables = 0
If = 1
Loop = 0
Goto = 0
Assignment = 8
Exit point = 3
Function = 3
Function call = 5
Pointer dereferencing = 0
Cyclomatic complexity = 4
