[metrics] Defined functions (7)
=====================
 host_lookup (2 calls); main (0 call); my_gethostbyaddr (1 call);
 my_inet_addr (1 call); my_strcmp (1 call); nonzero_uint32_t (1 call);
 validate_addr_form (1 call); 

Specified-only functions (0)
============================
 

Undefined and unspecified functions (0)
=======================================
 

'Extern' global variables (0)
=============================
 

Potential entry points (1)
==========================
 main; 

Global metrics
============== 
Sloc = 54
Decision point = 6
Global variables = 2
If = 6
Loop = 1
Goto = 5
Assignment = 21
Exit point = 7
Function = 7
Function call = 12
Pointer dereferencing = 6
Cyclomatic complexity = 13
