[metrics] Defined functions (2)
=====================
 copy_input (2 calls); main (0 call); 

Specified-only functions (0)
============================
 

Undefined and unspecified functions (0)
=======================================
 

'Extern' global variables (0)
=============================
 

Potential entry points (1)
==========================
 main; 

Global metrics
============== 
Sloc = 63
Decision point = 5
Global variables = 0
If = 5
Loop = 1
Goto = 0
Assignment = 38
Exit point = 2
Function = 2
Function call = 9
Pointer dereferencing = 12
Cyclomatic complexity = 7
