[metrics] Eva coverage statistics
=======================
Syntactically reachable functions = 52 (out of 52)
Semantically reached functions = 52
Coverage estimation = 100.0%
[metrics] References to non-analyzed functions
------------------------------------
[metrics] Statements analyzed by Eva
--------------------------
343 stmts in analyzed functions, 343 stmts analyzed (100.0%)
a: 9 stmts out of 9 (100.0%)
b: 78 stmts out of 78 (100.0%)
main: 4 stmts out of 4 (100.0%)
v: 12 stmts out of 12 (100.0%)
x0a: 5 stmts out of 5 (100.0%)
x20: 5 stmts out of 5 (100.0%)
x21: 5 stmts out of 5 (100.0%)
x22: 5 stmts out of 5 (100.0%)
x23: 5 stmts out of 5 (100.0%)
x25: 5 stmts out of 5 (100.0%)
x28: 5 stmts out of 5 (100.0%)
x29: 5 stmts out of 5 (100.0%)
x2a: 5 stmts out of 5 (100.0%)
x2b: 5 stmts out of 5 (100.0%)
x2c: 5 stmts out of 5 (100.0%)
x2d: 5 stmts out of 5 (100.0%)
x2f: 5 stmts out of 5 (100.0%)
x30: 5 stmts out of 5 (100.0%)
x31: 5 stmts out of 5 (100.0%)
x32: 5 stmts out of 5 (100.0%)
x33: 5 stmts out of 5 (100.0%)
x34: 5 stmts out of 5 (100.0%)
x35: 5 stmts out of 5 (100.0%)
x36: 5 stmts out of 5 (100.0%)
x37: 5 stmts out of 5 (100.0%)
x38: 5 stmts out of 5 (100.0%)
x39: 5 stmts out of 5 (100.0%)
x3a: 5 stmts out of 5 (100.0%)
x3b: 5 stmts out of 5 (100.0%)
x3d: 5 stmts out of 5 (100.0%)
x3f: 5 stmts out of 5 (100.0%)
x5b: 5 stmts out of 5 (100.0%)
x5c: 5 stmts out of 5 (100.0%)
x5d: 5 stmts out of 5 (100.0%)
x61: 5 stmts out of 5 (100.0%)
x62: 5 stmts out of 5 (100.0%)
x63: 5 stmts out of 5 (100.0%)
x64: 5 stmts out of 5 (100.0%)
x65: 5 stmts out of 5 (100.0%)
x66: 5 stmts out of 5 (100.0%)
x68: 5 stmts out of 5 (100.0%)
x69: 5 stmts out of 5 (100.0%)
x6d: 5 stmts out of 5 (100.0%)
x6e: 5 stmts out of 5 (100.0%)
x6f: 5 stmts out of 5 (100.0%)
x71: 5 stmts out of 5 (100.0%)
x72: 5 stmts out of 5 (100.0%)
x74: 5 stmts out of 5 (100.0%)
x76: 5 stmts out of 5 (100.0%)
x78: 5 stmts out of 5 (100.0%)
x7b: 5 stmts out of 5 (100.0%)
x7d: 5 stmts out of 5 (100.0%)
