[metrics] Defined functions (1)
=====================
 main (0 call); 

Specified-only functions (0)
============================
 

Undefined and unspecified functions (0)
=======================================
 

'Extern' global variables (0)
=============================
 

Potential entry points (1)
==========================
 main; 

Global metrics
============== 
Sloc = 20
Decision point = 4
Global variables = 0
If = 4
Loop = 0
Goto = 1
Assignment = 4
Exit point = 1
Function = 1
Function call = 12
Pointer dereferencing = 0
Cyclomatic complexity = 5
