[metrics] Defined functions (1)
=====================
 main (0 call); 

Specified-only functions (0)
============================
 

Undefined and unspecified functions (0)
=======================================
 

'Extern' global variables (0)
=============================
 

Potential entry points (1)
==========================
 main; 

Global metrics
============== 
Sloc = 32
Decision point = 6
Global variables = 5
If = 6
Loop = 1
Goto = 1
Assignment = 15
Exit point = 1
Function = 1
Function call = 2
Pointer dereferencing = 0
Cyclomatic complexity = 7
