[metrics] Defined functions (1)
=====================
 main (0 call); 

Specified-only functions (0)
============================
 

Undefined and unspecified functions (0)
=======================================
 

'Extern' global variables (0)
=============================
 

Potential entry points (1)
==========================
 main; 

Global metrics
============== 
Sloc = 84
Decision point = 14
Global variables = 0
If = 14
Loop = 6
Goto = 1
Assignment = 41
Exit point = 1
Function = 1
Function call = 5
Pointer dereferencing = 0
Cyclomatic complexity = 15
