[metrics] Defined functions (3)
=====================
 dn_expand (1 call); main (0 call); rrextract (1 call); 

Specified-only functions (0)
============================
 

Undefined and unspecified functions (0)
=======================================
 

'Extern' global variables (0)
=============================
 

Potential entry points (1)
==========================
 main; 

Global metrics
============== 
Sloc = 49
Decision point = 4
Global variables = 0
If = 4
Loop = 0
Goto = 4
Assignment = 26
Exit point = 3
Function = 3
Function call = 11
Pointer dereferencing = 1
Cyclomatic complexity = 7
