[metrics] Defined functions (3)
=====================
 dn_expand (2 calls); main (0 call); rrextract (1 call); 

Specified-only functions (0)
============================
 

Undefined and unspecified functions (0)
=======================================
 

'Extern' global variables (0)
=============================
 

Potential entry points (1)
==========================
 main; 

Global metrics
============== 
Sloc = 87
Decision point = 9
Global variables = 0
If = 9
Loop = 0
Goto = 8
Assignment = 44
Exit point = 3
Function = 3
Function call = 16
Pointer dereferencing = 1
Cyclomatic complexity = 12
