[metrics] Defined functions (3)
=====================
 dn_expand (0 call); main (0 call); rrextract (1 call); 

Specified-only functions (0)
============================
 

Undefined and unspecified functions (0)
=======================================
 

'Extern' global variables (0)
=============================
 

Potential entry points (2)
==========================
 dn_expand; main; 

Global metrics
============== 
Sloc = 54
Decision point = 5
Global variables = 0
If = 5
Loop = 0
Goto = 5
Assignment = 27
Exit point = 3
Function = 3
Function call = 10
Pointer dereferencing = 1
Cyclomatic complexity = 8
