[metrics] Defined functions (1)
=====================
 main (0 call); 

Specified-only functions (1)
============================
 f (1 call); 

Undefined and unspecified functions (0)
=======================================
 

'Extern' global variables (0)
=============================
 

Potential entry points (1)
==========================
 main; 

Global metrics
============== 
Sloc = 8
Decision point = 0
Global variables = 0
If = 0
Loop = 0
Goto = 0
Assignment = 5
Exit point = 1
Function = 2
Function call = 2
Pointer dereferencing = 0
Cyclomatic complexity = 1
