[metrics] Defined functions (1)
=====================
 main (0 call); 

Specified-only functions (0)
============================
 

Undefined and unspecified functions (0)
=======================================
 

'Extern' global variables (0)
=============================
 

Potential entry points (1)
==========================
 main; 

Global metrics
============== 
Sloc = 14
Decision point = 2
Global variables = 0
If = 2
Loop = 0
Goto = 0
Assignment = 8
Exit point = 1
Function = 1
Function call = 2
Pointer dereferencing = 0
Cyclomatic complexity = 3
