[metrics] Defined functions (2)
=====================
 main (0 call); reverse (1 call); 

Specified-only functions (0)
============================
 

Undefined and unspecified functions (0)
=======================================
 

'Extern' global variables (0)
=============================
 

Potential entry points (1)
==========================
 main; 

Global metrics
============== 
Sloc = 18
Decision point = 1
Global variables = 0
If = 1
Loop = 1
Goto = 0
Assignment = 10
Exit point = 2
Function = 2
Function call = 3
Pointer dereferencing = 2
Cyclomatic complexity = 3
