[metrics] Defined functions (2)
=====================
 bswap (1 call); main (0 call); 

Specified-only functions (0)
============================
 

Undefined and unspecified functions (0)
=======================================
 

'Extern' global variables (0)
=============================
 

Potential entry points (1)
==========================
 main; 

Global metrics
============== 
Sloc = 12
Decision point = 0
Global variables = 0
If = 0
Loop = 0
Goto = 0
Assignment = 9
Exit point = 2
Function = 2
Function call = 2
Pointer dereferencing = 0
Cyclomatic complexity = 2
