[metrics] Eva coverage statistics
=======================
Syntactically reachable functions = 320 (out of 513)
Semantically reached functions = 133
Coverage estimation = 41.6% 

Unreached functions (187) =
  <include/polarssl/md.h>: md_get_size_2; 
  <library/aes.c>: aes_gen_tables; 
  <library/asn1parse.c>: asn1_get_bitstring; asn1_get_bool; asn1_get_int;
    asn1_get_len; asn1_get_mpi; asn1_get_sequence_of; asn1_get_tag; 
  <library/base64.c>: base64_decode; 
  <library/bignum.c>: mpi_add_int; mpi_cmp_int; mpi_copy; mpi_div_mpi;
    mpi_fill_random; mpi_gcd; mpi_get_digit; mpi_grow; mpi_lsb; mpi_lset;
    mpi_montg_init; mpi_montmul; mpi_montred; mpi_mul_hlp; mpi_mul_int;
    mpi_shift_l; mpi_shift_r; mpi_sub_hlp; mpi_sub_int; 
  <library/camellia.c>: camellia_crypt_ecb; 
  <library/ctr_drbg.c>: ctr_drbg_random_with_add; 
  <library/des.c>: des3_crypt_ecb; des_crypt_cbc; des_crypt_ecb;
    des_setkey_dec; 
  <library/dhm.c>: dhm_free; dhm_make_public; dhm_read_bignum;
    dhm_read_params; 
  <library/md.c>: md; md_finish; md_free_ctx; md_info_from_type; md_init_ctx;
    md_starts; md_update; 
  <library/md5.c>: md5_file; md5_hmac_reset; 
  <library/md_wrap.c>: md5_ctx_alloc; md5_ctx_free; md5_file_wrap;
    md5_finish_wrap; md5_hmac_finish_wrap; md5_hmac_reset_wrap;
    md5_hmac_starts_wrap; md5_hmac_update_wrap; md5_starts_wrap;
    md5_update_wrap; sha1_ctx_alloc; sha1_ctx_free; sha1_file_wrap;
    sha1_finish_wrap; sha1_hmac_finish_wrap; sha1_hmac_reset_wrap;
    sha1_hmac_starts_wrap; sha1_hmac_update_wrap; sha1_starts_wrap;
    sha1_update_wrap; sha224_ctx_alloc; sha224_ctx_free; sha224_file_wrap;
    sha224_finish_wrap; sha224_hmac_finish_wrap; sha224_hmac_reset_wrap;
    sha224_hmac_starts_wrap; sha224_hmac_update_wrap; sha224_hmac_wrap;
    sha224_starts_wrap; sha224_update_wrap; sha224_wrap; sha256_ctx_alloc;
    sha256_ctx_free; sha256_file_wrap; sha256_finish_wrap;
    sha256_hmac_finish_wrap; sha256_hmac_reset_wrap; sha256_hmac_starts_wrap;
    sha256_hmac_update_wrap; sha256_hmac_wrap; sha256_starts_wrap;
    sha256_update_wrap; sha256_wrap; sha384_ctx_alloc; sha384_ctx_free;
    sha384_file_wrap; sha384_finish_wrap; sha384_hmac_finish_wrap;
    sha384_hmac_reset_wrap; sha384_hmac_starts_wrap; sha384_hmac_update_wrap;
    sha384_hmac_wrap; sha384_starts_wrap; sha384_update_wrap; sha384_wrap;
    sha512_ctx_alloc; sha512_ctx_free; sha512_file_wrap; sha512_finish_wrap;
    sha512_hmac_finish_wrap; sha512_hmac_reset_wrap; sha512_hmac_starts_wrap;
    sha512_hmac_update_wrap; sha512_hmac_wrap; sha512_starts_wrap;
    sha512_update_wrap; sha512_wrap; 
  <library/padlock.c>: padlock_supports; padlock_xcryptcbc;
    padlock_xcryptecb; 
  <library/pem.c>: pem_aes_decrypt; pem_des3_decrypt; pem_des_decrypt;
    pem_free; pem_get_iv; pem_init; pem_pbkdf1; pem_read_buffer; 
  <library/rsa.c>: mgf_mask; rsa_check_privkey; rsa_check_pubkey;
    rsa_pkcs1_encrypt; rsa_pkcs1_verify; rsa_public; 
  <library/sha1.c>: sha1_file; sha1_hmac_reset; 
  <library/sha2.c>: sha2; sha2_file; sha2_finish; sha2_hmac;
    sha2_hmac_finish; sha2_hmac_reset; sha2_hmac_starts; sha2_hmac_update;
    sha2_process; sha2_starts; sha2_update; 
  <library/sha4.c>: sha4_file; sha4_hmac; sha4_hmac_finish; sha4_hmac_reset;
    sha4_hmac_starts; sha4_hmac_update; sha4_process; 
  <library/ssl_cli.c>: ssl_handshake_client; ssl_parse_certificate_request;
    ssl_parse_server_hello; ssl_parse_server_hello_done;
    ssl_parse_server_key_exchange; ssl_write_certificate_verify;
    ssl_write_client_hello; ssl_write_client_key_exchange; 
  <library/ssl_tls.c>: ssl_calc_verify; 
  <library/x509parse.c>: x509_get_alg; x509_get_attr_type_value;
    x509_get_basic_constraints; x509_get_crt_ext; x509_get_dates;
    x509_get_ext; x509_get_ext_key_usage; x509_get_key_usage; x509_get_name;
    x509_get_ns_cert_type; x509_get_pubkey; x509_get_serial; x509_get_sig;
    x509_get_sig_alg; x509_get_time; x509_get_uid; x509_get_version;
    x509_hash; x509parse_crt_der; x509parse_crt_der_core; x509parse_revoked;
    x509parse_time_expired; x509parse_verify; x509parse_verifycrl; 
  <programs/ssl/ssl_server.c>: my_debug;
[metrics] References to non-analyzed functions
------------------------------------
Function aes_crypt_cbc calls padlock_supports (at library/aes.c:771)
Function aes_crypt_cbc calls padlock_xcryptcbc (at library/aes.c:773)
Function aes_crypt_ecb calls padlock_supports (at library/aes.c:659)
Function aes_crypt_ecb calls padlock_xcryptecb (at library/aes.c:661)
Function aes_setkey_enc calls aes_gen_tables (at library/aes.c:450)
Function camellia_crypt_cbc calls camellia_crypt_ecb (at library/camellia.c:563)
Function camellia_crypt_cbc calls camellia_crypt_ecb (at library/camellia.c:582)
Function ctr_drbg_random calls ctr_drbg_random_with_add (at library/ctr_drbg.c:356)
Function des3_crypt_cbc calls des3_crypt_ecb (at library/des.c:733)
Function des3_crypt_cbc calls des3_crypt_ecb (at library/des.c:746)
Function dhm_check_range calls mpi_lset (at library/dhm.c:86)
Function dhm_check_range calls mpi_sub_int (at library/dhm.c:87)
Function dhm_make_params calls mpi_fill_random (at library/dhm.c:150)
Function dhm_make_params calls mpi_shift_r (at library/dhm.c:153)
Function main references my_debug (at programs/ssl/ssl_server.c:329)
Function mpi_add_abs calls mpi_copy (at library/bignum.c:738)
Function mpi_add_abs calls mpi_grow (at library/bignum.c:749)
Function mpi_add_abs calls mpi_grow (at library/bignum.c:763)
Function mpi_exp_mod calls mpi_cmp_int (at library/bignum.c:1392)
Function mpi_exp_mod calls mpi_cmp_int (at library/bignum.c:1395)
Function mpi_exp_mod calls mpi_montg_init (at library/bignum.c:1401)
Function mpi_exp_mod calls mpi_grow (at library/bignum.c:1414)
Function mpi_exp_mod calls mpi_grow (at library/bignum.c:1415)
Function mpi_exp_mod calls mpi_grow (at library/bignum.c:1416)
Function mpi_exp_mod calls mpi_copy (at library/bignum.c:1426)
Function mpi_exp_mod calls mpi_lset (at library/bignum.c:1436)
Function mpi_exp_mod calls mpi_shift_l (at library/bignum.c:1437)
Function mpi_exp_mod calls mpi_copy (at library/bignum.c:1451)
Function mpi_exp_mod calls mpi_montmul (at library/bignum.c:1453)
Function mpi_exp_mod calls mpi_copy (at library/bignum.c:1458)
Function mpi_exp_mod calls mpi_montred (at library/bignum.c:1459)
Function mpi_exp_mod calls mpi_grow (at library/bignum.c:1468)
Function mpi_exp_mod calls mpi_copy (at library/bignum.c:1469)
Function mpi_exp_mod calls mpi_montmul (at library/bignum.c:1472)
Function mpi_exp_mod calls mpi_grow (at library/bignum.c:1479)
Function mpi_exp_mod calls mpi_copy (at library/bignum.c:1480)
Function mpi_exp_mod calls mpi_montmul (at library/bignum.c:1482)
Function mpi_exp_mod calls mpi_montmul (at library/bignum.c:1517)
Function mpi_exp_mod calls mpi_montmul (at library/bignum.c:1535)
Function mpi_exp_mod calls mpi_montmul (at library/bignum.c:1540)
Function mpi_exp_mod calls mpi_montmul (at library/bignum.c:1553)
Function mpi_exp_mod calls mpi_montmul (at library/bignum.c:1558)
Function mpi_exp_mod calls mpi_montred (at library/bignum.c:1564)
Function mpi_mod_mpi calls mpi_cmp_int (at library/bignum.c:1237)
Function mpi_mod_mpi calls mpi_div_mpi (at library/bignum.c:1240)
Function mpi_mod_mpi calls mpi_cmp_int (at library/bignum.c:1242)
Function mpi_mul_mpi calls mpi_copy (at library/bignum.c:1008)
Function mpi_mul_mpi calls mpi_copy (at library/bignum.c:1009)
Function mpi_mul_mpi calls mpi_grow (at library/bignum.c:1019)
Function mpi_mul_mpi calls mpi_lset (at library/bignum.c:1020)
Function mpi_mul_mpi calls mpi_mul_hlp (at library/bignum.c:1023)
Function mpi_read_binary calls mpi_grow (at library/bignum.c:520)
Function mpi_read_binary calls mpi_lset (at library/bignum.c:521)
Function mpi_read_string calls mpi_grow (at library/bignum.c:290)
Function mpi_read_string calls mpi_lset (at library/bignum.c:291)
Function mpi_read_string calls mpi_get_digit (at library/bignum.c:301)
Function mpi_read_string calls mpi_lset (at library/bignum.c:307)
Function mpi_read_string calls mpi_get_digit (at library/bignum.c:317)
Function mpi_read_string calls mpi_mul_int (at library/bignum.c:318)
Function mpi_read_string calls mpi_add_int (at library/bignum.c:322)
Function mpi_read_string calls mpi_sub_int (at library/bignum.c:326)
Function mpi_sub_abs calls mpi_copy (at library/bignum.c:812)
Function mpi_sub_abs calls mpi_copy (at library/bignum.c:817)
Function mpi_sub_abs calls mpi_sub_hlp (at library/bignum.c:830)
Function rsa_pkcs1_decrypt calls rsa_public (at library/rsa.c:505)
Function rsa_pkcs1_decrypt calls md_info_from_type (at library/rsa.c:577)
Function rsa_pkcs1_decrypt calls md_get_size_2 (at library/rsa.c:581)
Function rsa_pkcs1_decrypt calls md_init_ctx (at library/rsa.c:583)
Function rsa_pkcs1_decrypt calls md (at library/rsa.c:587)
Function rsa_pkcs1_decrypt calls mgf_mask (at library/rsa.c:591)
Function rsa_pkcs1_decrypt calls mgf_mask (at library/rsa.c:596)
Function rsa_pkcs1_decrypt calls md_free_ctx (at library/rsa.c:600)
Function rsa_pkcs1_sign calls md_info_from_type (at library/rsa.c:803)
Function rsa_pkcs1_sign calls md_get_size_2 (at library/rsa.c:807)
Function rsa_pkcs1_sign calls md_init_ctx (at library/rsa.c:830)
Function rsa_pkcs1_sign calls md_starts (at library/rsa.c:834)
Function rsa_pkcs1_sign calls md_update (at library/rsa.c:835)
Function rsa_pkcs1_sign calls md_update (at library/rsa.c:836)
Function rsa_pkcs1_sign calls md_update (at library/rsa.c:837)
Function rsa_pkcs1_sign calls md_finish (at library/rsa.c:838)
Function rsa_pkcs1_sign calls mgf_mask (at library/rsa.c:847)
Function rsa_pkcs1_sign calls md_free_ctx (at library/rsa.c:849)
Function rsa_pkcs1_sign calls rsa_public (at library/rsa.c:865)
Function sha4_update calls sha4_process (at library/sha4.c:253)
Function sha4_update calls sha4_process (at library/sha4.c:261)
Function ssl_free calls dhm_free (at library/ssl_tls.c:2402)
Function ssl_handshake calls ssl_handshake_client (at library/ssl_tls.c:2207)
Function ssl_parse_certificate calls x509parse_crt_der (at library/ssl_tls.c:1496)
Function ssl_parse_certificate calls x509parse_verify (at library/ssl_tls.c:1516)
Function ssl_parse_certificate_verify calls ssl_calc_verify (at library/ssl_srv.c:873)
Function ssl_parse_certificate_verify calls rsa_pkcs1_verify (at library/ssl_srv.c:904)
Function x509parse_crt calls x509parse_crt_der (at library/x509parse.c:1354)
Function x509parse_crt calls pem_init (at library/x509parse.c:1364)
Function x509parse_crt calls pem_read_buffer (at library/x509parse.c:1366)
Function x509parse_crt calls pem_free (at library/x509parse.c:1385)
Function x509parse_crt calls x509parse_crt_der (at library/x509parse.c:1401)
Function x509parse_crt calls pem_free (at library/x509parse.c:1403)
Function x509parse_key calls pem_init (at library/x509parse.c:1855)
Function x509parse_key calls pem_read_buffer (at library/x509parse.c:1856)
Function x509parse_key calls pem_read_buffer (at library/x509parse.c:1863)
Function x509parse_key calls pem_free (at library/x509parse.c:1878)
Function x509parse_key calls asn1_get_tag (at library/x509parse.c:1918)
Function x509parse_key calls pem_free (at library/x509parse.c:1922)
Function x509parse_key calls asn1_get_int (at library/x509parse.c:1930)
Function x509parse_key calls pem_free (at library/x509parse.c:1933)
Function x509parse_key calls pem_free (at library/x509parse.c:1942)
Function x509parse_key calls x509_get_alg (at library/x509parse.c:1950)
Function x509parse_key calls pem_free (at library/x509parse.c:1959)
Function x509parse_key calls asn1_get_tag (at library/x509parse.c:2000)
Function x509parse_key calls pem_free (at library/x509parse.c:2003)
Function x509parse_key calls pem_free (at library/x509parse.c:2012)
Function x509parse_key calls asn1_get_tag (at library/x509parse.c:2021)
Function x509parse_key calls pem_free (at library/x509parse.c:2025)
Function x509parse_key calls asn1_get_int (at library/x509parse.c:2033)
Function x509parse_key calls pem_free (at library/x509parse.c:2036)
Function x509parse_key calls pem_free (at library/x509parse.c:2045)
Function x509parse_key calls asn1_get_mpi (at library/x509parse.c:2052)
Function x509parse_key calls asn1_get_mpi (at library/x509parse.c:2053)
Function x509parse_key calls asn1_get_mpi (at library/x509parse.c:2054)
Function x509parse_key calls asn1_get_mpi (at library/x509parse.c:2055)
Function x509parse_key calls asn1_get_mpi (at library/x509parse.c:2056)
Function x509parse_key calls asn1_get_mpi (at library/x509parse.c:2057)
Function x509parse_key calls asn1_get_mpi (at library/x509parse.c:2058)
Function x509parse_key calls asn1_get_mpi (at library/x509parse.c:2059)
Function x509parse_key calls pem_free (at library/x509parse.c:2062)
Function x509parse_key calls pem_free (at library/x509parse.c:2073)
Function x509parse_key calls rsa_check_privkey (at library/x509parse.c:2080)
Function x509parse_key calls pem_free (at library/x509parse.c:2083)
Function x509parse_key calls pem_free (at library/x509parse.c:2090)
Initializer of md5_info references md5_starts_wrap (at library/md_wrap.c:262)
Initializer of md5_info references md5_update_wrap (at library/md_wrap.c:263)
Initializer of md5_info references md5_finish_wrap (at library/md_wrap.c:264)
Initializer of md5_info references md5_file_wrap (at library/md_wrap.c:266)
Initializer of md5_info references md5_hmac_starts_wrap (at library/md_wrap.c:267)
Initializer of md5_info references md5_hmac_update_wrap (at library/md_wrap.c:268)
Initializer of md5_info references md5_hmac_finish_wrap (at library/md_wrap.c:269)
Initializer of md5_info references md5_hmac_reset_wrap (at library/md_wrap.c:270)
Initializer of md5_info references md5_ctx_alloc (at library/md_wrap.c:272)
Initializer of md5_info references md5_ctx_free (at library/md_wrap.c:273)
Initializer of sha1_info references sha1_starts_wrap (at library/md_wrap.c:340)
Initializer of sha1_info references sha1_update_wrap (at library/md_wrap.c:341)
Initializer of sha1_info references sha1_finish_wrap (at library/md_wrap.c:342)
Initializer of sha1_info references sha1_file_wrap (at library/md_wrap.c:344)
Initializer of sha1_info references sha1_hmac_starts_wrap (at library/md_wrap.c:345)
Initializer of sha1_info references sha1_hmac_update_wrap (at library/md_wrap.c:346)
Initializer of sha1_info references sha1_hmac_finish_wrap (at library/md_wrap.c:347)
Initializer of sha1_info references sha1_hmac_reset_wrap (at library/md_wrap.c:348)
Initializer of sha1_info references sha1_ctx_alloc (at library/md_wrap.c:350)
Initializer of sha1_info references sha1_ctx_free (at library/md_wrap.c:351)
Initializer of sha224_info references sha224_starts_wrap (at library/md_wrap.c:434)
Initializer of sha224_info references sha224_update_wrap (at library/md_wrap.c:435)
Initializer of sha224_info references sha224_finish_wrap (at library/md_wrap.c:436)
Initializer of sha224_info references sha224_wrap (at library/md_wrap.c:437)
Initializer of sha224_info references sha224_file_wrap (at library/md_wrap.c:438)
Initializer of sha224_info references sha224_hmac_starts_wrap (at library/md_wrap.c:439)
Initializer of sha224_info references sha224_hmac_update_wrap (at library/md_wrap.c:440)
Initializer of sha224_info references sha224_hmac_finish_wrap (at library/md_wrap.c:441)
Initializer of sha224_info references sha224_hmac_reset_wrap (at library/md_wrap.c:442)
Initializer of sha224_info references sha224_hmac_wrap (at library/md_wrap.c:443)
Initializer of sha224_info references sha224_ctx_alloc (at library/md_wrap.c:444)
Initializer of sha224_info references sha224_ctx_free (at library/md_wrap.c:445)
Initializer of sha256_info references sha256_starts_wrap (at library/md_wrap.c:521)
Initializer of sha256_info references sha256_update_wrap (at library/md_wrap.c:522)
Initializer of sha256_info references sha256_finish_wrap (at library/md_wrap.c:523)
Initializer of sha256_info references sha256_wrap (at library/md_wrap.c:524)
Initializer of sha256_info references sha256_file_wrap (at library/md_wrap.c:525)
Initializer of sha256_info references sha256_hmac_starts_wrap (at library/md_wrap.c:526)
Initializer of sha256_info references sha256_hmac_update_wrap (at library/md_wrap.c:527)
Initializer of sha256_info references sha256_hmac_finish_wrap (at library/md_wrap.c:528)
Initializer of sha256_info references sha256_hmac_reset_wrap (at library/md_wrap.c:529)
Initializer of sha256_info references sha256_hmac_wrap (at library/md_wrap.c:530)
Initializer of sha256_info references sha256_ctx_alloc (at library/md_wrap.c:531)
Initializer of sha256_info references sha256_ctx_free (at library/md_wrap.c:532)
Initializer of sha384_info references sha384_starts_wrap (at library/md_wrap.c:612)
Initializer of sha384_info references sha384_update_wrap (at library/md_wrap.c:613)
Initializer of sha384_info references sha384_finish_wrap (at library/md_wrap.c:614)
Initializer of sha384_info references sha384_wrap (at library/md_wrap.c:615)
Initializer of sha384_info references sha384_file_wrap (at library/md_wrap.c:616)
Initializer of sha384_info references sha384_hmac_starts_wrap (at library/md_wrap.c:617)
Initializer of sha384_info references sha384_hmac_update_wrap (at library/md_wrap.c:618)
Initializer of sha384_info references sha384_hmac_finish_wrap (at library/md_wrap.c:619)
Initializer of sha384_info references sha384_hmac_reset_wrap (at library/md_wrap.c:620)
Initializer of sha384_info references sha384_hmac_wrap (at library/md_wrap.c:621)
Initializer of sha384_info references sha384_ctx_alloc (at library/md_wrap.c:622)
Initializer of sha384_info references sha384_ctx_free (at library/md_wrap.c:623)
Initializer of sha512_info references sha512_starts_wrap (at library/md_wrap.c:699)
Initializer of sha512_info references sha512_update_wrap (at library/md_wrap.c:700)
Initializer of sha512_info references sha512_finish_wrap (at library/md_wrap.c:701)
Initializer of sha512_info references sha512_wrap (at library/md_wrap.c:702)
Initializer of sha512_info references sha512_file_wrap (at library/md_wrap.c:703)
Initializer of sha512_info references sha512_hmac_starts_wrap (at library/md_wrap.c:704)
Initializer of sha512_info references sha512_hmac_update_wrap (at library/md_wrap.c:705)
Initializer of sha512_info references sha512_hmac_finish_wrap (at library/md_wrap.c:706)
Initializer of sha512_info references sha512_hmac_reset_wrap (at library/md_wrap.c:707)
Initializer of sha512_info references sha512_hmac_wrap (at library/md_wrap.c:708)
Initializer of sha512_info references sha512_ctx_alloc (at library/md_wrap.c:709)
Initializer of sha512_info references sha512_ctx_free (at library/md_wrap.c:710)
[metrics] Statements analyzed by Eva
--------------------------
5733 stmts in analyzed functions, 2854 stmts analyzed (49.8%)
arc4_setup: 26 stmts out of 26 (100.0%)
block_cipher_df: 72 stmts out of 72 (100.0%)
ctr_drbg_init: 2 stmts out of 2 (100.0%)
ctr_drbg_init_entropy_len: 14 stmts out of 14 (100.0%)
des3_set3key: 16 stmts out of 16 (100.0%)
des3_set3key_dec: 4 stmts out of 4 (100.0%)
des3_set3key_enc: 4 stmts out of 4 (100.0%)
entropy_init: 5 stmts out of 5 (100.0%)
entropy_update: 12 stmts out of 12 (100.0%)
md5: 5 stmts out of 5 (100.0%)
md5_finish: 39 stmts out of 39 (100.0%)
md5_hmac: 5 stmts out of 5 (100.0%)
md5_hmac_finish: 7 stmts out of 7 (100.0%)
md5_hmac_starts: 18 stmts out of 18 (100.0%)
md5_hmac_update: 2 stmts out of 2 (100.0%)
md5_starts: 7 stmts out of 7 (100.0%)
md5_update: 26 stmts out of 26 (100.0%)
mpi_add_mpi: 18 stmts out of 18 (100.0%)
mpi_size: 3 stmts out of 3 (100.0%)
net_close: 3 stmts out of 3 (100.0%)
net_recv: 24 stmts out of 24 (100.0%)
net_send: 24 stmts out of 24 (100.0%)
platform_entropy_poll: 16 stmts out of 16 (100.0%)
rsa_free: 12 stmts out of 12 (100.0%)
rsa_init: 4 stmts out of 4 (100.0%)
rsa_private: 46 stmts out of 46 (100.0%)
sha1: 5 stmts out of 5 (100.0%)
sha1_hmac: 5 stmts out of 5 (100.0%)
sha1_hmac_finish: 7 stmts out of 7 (100.0%)
sha1_hmac_starts: 18 stmts out of 18 (100.0%)
sha1_hmac_update: 2 stmts out of 2 (100.0%)
sha1_starts: 8 stmts out of 8 (100.0%)
sha1_update: 26 stmts out of 26 (100.0%)
sha4_finish: 100 stmts out of 100 (100.0%)
ssl_calc_finished: 38 stmts out of 38 (100.0%)
ssl_close_notify: 17 stmts out of 17 (100.0%)
ssl_encrypt_buf: 74 stmts out of 74 (100.0%)
ssl_fetch_input: 17 stmts out of 17 (100.0%)
ssl_flush_output: 13 stmts out of 13 (100.0%)
ssl_handshake_server: 48 stmts out of 48 (100.0%)
ssl_mac_md5: 18 stmts out of 18 (100.0%)
ssl_mac_sha1: 18 stmts out of 18 (100.0%)
ssl_parse_change_cipher_spec: 20 stmts out of 20 (100.0%)
ssl_parse_client_hello: 183 stmts out of 183 (100.0%)
ssl_read: 42 stmts out of 42 (100.0%)
ssl_read_record: 104 stmts out of 104 (100.0%)
ssl_session_reset: 29 stmts out of 29 (100.0%)
ssl_set_authmode: 2 stmts out of 2 (100.0%)
ssl_set_bio: 5 stmts out of 5 (100.0%)
ssl_set_ca_chain: 4 stmts out of 4 (100.0%)
ssl_set_ciphersuites: 2 stmts out of 2 (100.0%)
ssl_set_dbg: 3 stmts out of 3 (100.0%)
ssl_set_dh_param: 12 stmts out of 12 (100.0%)
ssl_set_endpoint: 2 stmts out of 2 (100.0%)
ssl_set_own_cert: 3 stmts out of 3 (100.0%)
ssl_set_rng: 3 stmts out of 3 (100.0%)
ssl_set_scb: 3 stmts out of 3 (100.0%)
ssl_set_session: 4 stmts out of 4 (100.0%)
ssl_write: 25 stmts out of 25 (100.0%)
ssl_write_change_cipher_spec: 12 stmts out of 12 (100.0%)
ssl_write_record: 29 stmts out of 29 (100.0%)
ssl_write_server_hello_done: 11 stmts out of 11 (100.0%)
ssl_decrypt_buf: 145 stmts out of 148 (98.0%)
ssl_parse_finished: 35 stmts out of 36 (97.2%)
ctr_drbg_update_internal: 32 stmts out of 33 (97.0%)
ssl_parse_client_key_exchange: 89 stmts out of 92 (96.7%)
ssl_write_finished: 21 stmts out of 22 (95.5%)
error_strerror: 145 stmts out of 152 (95.4%)
ssl_write_server_hello: 80 stmts out of 84 (95.2%)
main: 116 stmts out of 122 (95.1%)
camellia_setkey_enc: 160 stmts out of 169 (94.7%)
tls1_prf: 52 stmts out of 55 (94.5%)
ssl_write_server_key_exchange: 45 stmts out of 48 (93.8%)
entropy_func: 43 stmts out of 46 (93.5%)
net_accept: 14 stmts out of 15 (93.3%)
camellia_setkey_dec: 83 stmts out of 89 (93.3%)
ssl_derive_keys: 117 stmts out of 126 (92.9%)
ctr_drbg_reseed: 18 stmts out of 21 (85.7%)
entropy_gather: 18 stmts out of 21 (85.7%)
net_is_blocking: 5 stmts out of 6 (83.3%)
ssl_handshake: 5 stmts out of 6 (83.3%)
dhm_calc_secret: 22 stmts out of 28 (78.6%)
entropy_add_source: 8 stmts out of 11 (72.7%)
ssl_init: 18 stmts out of 25 (72.0%)
mpi_init: 5 stmts out of 7 (71.4%)
hardclock_poll: 7 stmts out of 10 (70.0%)
net_bind: 27 stmts out of 40 (67.5%)
rsa_pkcs1_decrypt: 106 stmts out of 158 (67.1%)
ssl_write_certificate: 31 stmts out of 49 (63.3%)
sha4_starts: 13 stmts out of 21 (61.9%)
dhm_read_public: 10 stmts out of 19 (52.6%)
rsa_pkcs1_sign: 38 stmts out of 172 (22.1%)
ssl_parse_certificate_verify: 6 stmts out of 36 (16.7%)
ssl_write_certificate_request: 6 stmts out of 47 (12.8%)
ssl_parse_certificate: 8 stmts out of 103 (7.8%)
aes_crypt_cbc: 0 stmts out of 45 (0.0%)
aes_crypt_ecb: 0 stmts out of 201 (0.0%)
aes_setkey_dec: 0 stmts out of 89 (0.0%)
aes_setkey_enc: 0 stmts out of 70 (0.0%)
arc4_crypt: 0 stmts out of 20 (0.0%)
camellia_crypt_cbc: 0 stmts out of 38 (0.0%)
camellia_feistel: 0 stmts out of 11 (0.0%)
ctr_drbg_random: 0 stmts out of 2 (0.0%)
des3_crypt_cbc: 0 stmts out of 38 (0.0%)
des_setkey: 0 stmts out of 39 (0.0%)
dhm_check_range: 0 stmts out of 13 (0.0%)
dhm_make_params: 0 stmts out of 77 (0.0%)
hardclock: 0 stmts out of 2 (0.0%)
md5_process: 0 stmts out of 233 (0.0%)
mpi_add_abs: 0 stmts out of 49 (0.0%)
mpi_cmp_abs: 0 stmts out of 42 (0.0%)
mpi_cmp_mpi: 0 stmts out of 52 (0.0%)
mpi_exp_mod: 0 stmts out of 175 (0.0%)
mpi_free: 0 stmts out of 10 (0.0%)
mpi_mod_mpi: 0 stmts out of 25 (0.0%)
mpi_msb: 0 stmts out of 16 (0.0%)
mpi_mul_mpi: 0 stmts out of 42 (0.0%)
mpi_read_binary: 0 stmts out of 23 (0.0%)
mpi_read_string: 0 stmts out of 63 (0.0%)
mpi_sub_abs: 0 stmts out of 28 (0.0%)
mpi_sub_mpi: 0 stmts out of 18 (0.0%)
mpi_write_binary: 0 stmts out of 17 (0.0%)
my_get_session: 0 stmts out of 29 (0.0%)
my_set_session: 0 stmts out of 27 (0.0%)
sha1_finish: 0 stmts out of 44 (0.0%)
sha1_process: 0 stmts out of 539 (0.0%)
sha4: 0 stmts out of 5 (0.0%)
sha4_update: 0 stmts out of 25 (0.0%)
ssl_free: 0 stmts out of 17 (0.0%)
x509_free: 0 stmts out of 51 (0.0%)
x509parse_crt: 0 stmts out of 66 (0.0%)
x509parse_key: 0 stmts out of 149 (0.0%)
