[metrics] Defined functions (511)
=======================
 add_pkcs_padding (1 call); aes_crypt_cbc (6 calls);
 aes_crypt_cbc_wrap (address taken) (0 call); aes_crypt_cfb128 (3 calls);
 aes_crypt_cfb128_wrap (address taken) (0 call); aes_crypt_ctr (3 calls);
 aes_crypt_ctr_wrap (address taken) (0 call); aes_crypt_ecb (11 calls);
 aes_ctx_alloc (address taken) (0 call);
 aes_ctx_free (address taken) (0 call); aes_gen_tables (1 call);
 aes_self_test (0 call); aes_setkey_dec (6 calls);
 aes_setkey_dec_wrap (address taken) (0 call); aes_setkey_enc (12 calls);
 aes_setkey_enc_wrap (address taken) (0 call); arc4_crypt (3 calls);
 arc4_self_test (0 call); arc4_setup (3 calls); asn1_get_bitstring (2 calls);
 asn1_get_bool (2 calls); asn1_get_int (6 calls); asn1_get_len (5 calls);
 asn1_get_mpi (12 calls); asn1_get_sequence_of (1 call);
 asn1_get_tag (42 calls); base64_decode (3 calls); base64_encode (1 call);
 base64_self_test (0 call); block_cipher_df (3 calls);
 camellia_crypt_cbc (4 calls);
 camellia_crypt_cbc_wrap (address taken) (0 call);
 camellia_crypt_cfb128 (1 call);
 camellia_crypt_cfb128_wrap (address taken) (0 call);
 camellia_crypt_ctr (3 calls);
 camellia_crypt_ctr_wrap (address taken) (0 call);
 camellia_crypt_ecb (6 calls); camellia_ctx_alloc (address taken) (0 call);
 camellia_ctx_free (address taken) (0 call); camellia_feistel (12 calls);
 camellia_self_test (0 call); camellia_setkey_dec (5 calls);
 camellia_setkey_dec_wrap (address taken) (0 call);
 camellia_setkey_enc (7 calls);
 camellia_setkey_enc_wrap (address taken) (0 call); cipher_finish (0 call);
 cipher_free_ctx (0 call); cipher_get_block_size (12 calls);
 cipher_get_block_size_0 (0 call); cipher_get_block_size_1 (0 call);
 cipher_get_block_size_2 (0 call); cipher_get_cipher_mode (0 call);
 cipher_get_cipher_mode_0 (0 call); cipher_get_cipher_mode_1 (0 call);
 cipher_get_cipher_mode_2 (0 call); cipher_get_iv_size (2 calls);
 cipher_get_iv_size_0 (0 call); cipher_get_iv_size_1 (0 call);
 cipher_get_iv_size_2 (0 call); cipher_get_key_size (0 call);
 cipher_get_key_size_0 (0 call); cipher_get_key_size_1 (0 call);
 cipher_get_key_size_2 (0 call); cipher_get_name (0 call);
 cipher_get_name_0 (0 call); cipher_get_name_1 (0 call);
 cipher_get_name_2 (0 call); cipher_get_operation (0 call);
 cipher_get_operation_0 (0 call); cipher_get_operation_1 (0 call);
 cipher_get_operation_2 (0 call); cipher_get_type (0 call);
 cipher_get_type_0 (0 call); cipher_get_type_1 (0 call);
 cipher_get_type_2 (0 call); cipher_info_from_string (0 call);
 cipher_info_from_type (21 calls); cipher_init_ctx (0 call);
 cipher_list (0 call); cipher_reset (0 call); cipher_self_test (0 call);
 cipher_setkey (0 call); cipher_update (0 call); ctr_drbg_init (1 call);
 ctr_drbg_init_entropy_len (3 calls);
 ctr_drbg_random (address taken) (5 calls);
 ctr_drbg_random_with_add (1 call); ctr_drbg_reseed (3 calls);
 ctr_drbg_self_test (0 call);
 ctr_drbg_self_test_entropy (address taken) (0 call);
 ctr_drbg_set_entropy_len (0 call);
 ctr_drbg_set_prediction_resistance (1 call);
 ctr_drbg_set_reseed_interval (0 call); ctr_drbg_update (1 call);
 ctr_drbg_update_internal (4 calls); ctr_drbg_update_seed_file (0 call);
 ctr_drbg_write_seed_file (1 call); debug_fmt (0 call);
 debug_print_buf (0 call); debug_print_crt (0 call);
 debug_print_mpi (2 calls); debug_print_msg (0 call);
 debug_print_ret (0 call); des3_crypt_cbc (6 calls);
 des3_crypt_cbc_wrap (address taken) (0 call); des3_crypt_ecb (3 calls);
 des3_ctx_alloc (address taken) (0 call); des3_set2key (2 calls);
 des3_set2key_dec (3 calls); des3_set2key_dec_wrap (address taken) (0 call);
 des3_set2key_enc (3 calls); des3_set2key_enc_wrap (address taken) (0 call);
 des3_set3key (2 calls); des3_set3key_dec (5 calls);
 des3_set3key_dec_wrap (address taken) (0 call); des3_set3key_enc (4 calls);
 des3_set3key_enc_wrap (address taken) (0 call); des_crypt_cbc (4 calls);
 des_crypt_cbc_wrap (address taken) (0 call);
 des_crypt_cfb128_wrap (address taken) (0 call);
 des_crypt_ctr_wrap (address taken) (0 call); des_crypt_ecb (3 calls);
 des_ctx_alloc (address taken) (0 call);
 des_ctx_free (address taken) (0 call); des_key_check_key_parity (0 call);
 des_key_check_weak (0 call); des_key_set_parity (0 call);
 des_self_test (0 call); des_setkey (7 calls); des_setkey_dec (4 calls);
 des_setkey_dec_wrap (address taken) (0 call); des_setkey_enc (3 calls);
 des_setkey_enc_wrap (address taken) (0 call); dhm_calc_secret (2 calls);
 dhm_check_range (6 calls); dhm_free (4 calls); dhm_make_params (1 call);
 dhm_make_public (1 call); dhm_read_bignum (3 calls);
 dhm_read_params (1 call); dhm_read_public (1 call); dhm_self_test (0 call);
 entropy_add_source (2 calls); entropy_func (address taken) (0 call);
 entropy_gather (1 call); entropy_init (1 call); entropy_update (2 calls);
 entropy_update_manual (0 call); error_strerror (2 calls);
 get_pkcs_padding (1 call); get_timer (0 call); hardclock (1 call);
 hardclock_poll (address taken) (0 call); load_file (5 calls);
 m_sleep (0 call); main (0 call); md (2 calls);
 md5 (address taken) (3 calls); md5_ctx_alloc (address taken) (0 call);
 md5_ctx_free (address taken) (0 call); md5_file (1 call);
 md5_file_wrap (address taken) (0 call); md5_finish (19 calls);
 md5_finish_wrap (address taken) (0 call);
 md5_hmac (address taken) (4 calls); md5_hmac_finish (4 calls);
 md5_hmac_finish_wrap (address taken) (0 call); md5_hmac_reset (1 call);
 md5_hmac_reset_wrap (address taken) (0 call); md5_hmac_starts (5 calls);
 md5_hmac_starts_wrap (address taken) (0 call); md5_hmac_update (4 calls);
 md5_hmac_update_wrap (address taken) (0 call); md5_process (3 calls);
 md5_self_test (0 call); md5_starts (18 calls);
 md5_starts_wrap (address taken) (0 call); md5_update (46 calls);
 md5_update_wrap (address taken) (0 call); md_file (0 call);
 md_finish (3 calls); md_free_ctx (5 calls); md_get_name (0 call);
 md_get_name_0 (0 call); md_get_name_1 (0 call); md_get_name_2 (0 call);
 md_get_size (0 call); md_get_size_0 (0 call); md_get_size_1 (0 call);
 md_get_size_2 (4 calls); md_get_type (0 call); md_get_type_0 (0 call);
 md_get_type_1 (0 call); md_get_type_2 (0 call); md_hmac (0 call);
 md_hmac_finish (0 call); md_hmac_reset (0 call); md_hmac_starts (0 call);
 md_hmac_update (0 call); md_info_from_string (0 call);
 md_info_from_type (10 calls); md_init_ctx (4 calls); md_list (0 call);
 md_starts (3 calls); md_update (8 calls); mgf_mask (6 calls);
 mpi_add_abs (2 calls); mpi_add_int (4 calls); mpi_add_mpi (8 calls);
 mpi_cmp_abs (5 calls); mpi_cmp_int (25 calls); mpi_cmp_mpi (26 calls);
 mpi_copy (27 calls); mpi_div_int (1 call); mpi_div_mpi (4 calls);
 mpi_exp_mod (8 calls); mpi_fill_random (4 calls); mpi_free (80 calls);
 mpi_gcd (5 calls); mpi_gen_prime (2 calls); mpi_get_bit (0 call);
 mpi_get_digit (3 calls); mpi_grow (18 calls); mpi_init (58 calls);
 mpi_inv_mod (3 calls); mpi_is_prime (3 calls); mpi_lsb (5 calls);
 mpi_lset (19 calls); mpi_mod_int (2 calls); mpi_mod_mpi (8 calls);
 mpi_montg_init (1 call); mpi_montmul (9 calls); mpi_montred (2 calls);
 mpi_msb (19 calls); mpi_mul_hlp (3 calls); mpi_mul_int (3 calls);
 mpi_mul_mpi (10 calls); mpi_read_binary (5 calls); mpi_read_file (0 call);
 mpi_read_string (19 calls); mpi_self_test (0 call); mpi_set_bit (0 call);
 mpi_shift_l (8 calls); mpi_shift_r (21 calls); mpi_size (9 calls);
 mpi_sub_abs (6 calls); mpi_sub_hlp (3 calls); mpi_sub_int (8 calls);
 mpi_sub_mpi (14 calls); mpi_swap (1 call); mpi_write_binary (7 calls);
 mpi_write_file (0 call); mpi_write_hlp (2 calls); mpi_write_string (1 call);
 my_debug (address taken) (0 call); my_get_session (address taken) (0 call);
 my_set_session (address taken) (0 call); myrand (address taken) (0 call);
 net_accept (1 call); net_bind (1 call); net_close (2 calls);
 net_connect (0 call); net_is_blocking (3 calls);
 net_recv (address taken) (0 call); net_send (address taken) (0 call);
 net_set_block (0 call); net_set_nonblock (0 call); net_usleep (0 call);
 padlock_supports (2 calls); padlock_xcryptcbc (1 call);
 padlock_xcryptecb (1 call); pem_aes_decrypt (3 calls);
 pem_des3_decrypt (1 call); pem_des_decrypt (1 call); pem_free (28 calls);
 pem_get_iv (3 calls); pem_init (5 calls); pem_pbkdf1 (3 calls);
 pem_read_buffer (6 calls); platform_entropy_poll (address taken) (0 call);
 rsa_check_privkey (2 calls); rsa_check_pubkey (4 calls);
 rsa_free (20 calls); rsa_gen_key (0 call); rsa_init (3 calls);
 rsa_pkcs1_decrypt (2 calls); rsa_pkcs1_encrypt (2 calls);
 rsa_pkcs1_sign (3 calls); rsa_pkcs1_verify (6 calls); rsa_private (4 calls);
 rsa_public (4 calls); rsa_self_test (0 call); set_alarm (0 call);
 sha1 (address taken) (3 calls); sha1_ctx_alloc (address taken) (0 call);
 sha1_ctx_free (address taken) (0 call); sha1_file (1 call);
 sha1_file_wrap (address taken) (0 call); sha1_finish (18 calls);
 sha1_finish_wrap (address taken) (0 call);
 sha1_hmac (address taken) (4 calls); sha1_hmac_finish (4 calls);
 sha1_hmac_finish_wrap (address taken) (0 call); sha1_hmac_reset (1 call);
 sha1_hmac_reset_wrap (address taken) (0 call); sha1_hmac_starts (5 calls);
 sha1_hmac_starts_wrap (address taken) (0 call); sha1_hmac_update (4 calls);
 sha1_hmac_update_wrap (address taken) (0 call); sha1_process (3 calls);
 sha1_self_test (0 call); sha1_starts (17 calls);
 sha1_starts_wrap (address taken) (0 call); sha1_update (45 calls);
 sha1_update_wrap (address taken) (0 call); sha2 (5 calls);
 sha224_ctx_alloc (address taken) (0 call);
 sha224_ctx_free (address taken) (0 call);
 sha224_file_wrap (address taken) (0 call);
 sha224_finish_wrap (address taken) (0 call);
 sha224_hmac_finish_wrap (address taken) (0 call);
 sha224_hmac_reset_wrap (address taken) (0 call);
 sha224_hmac_starts_wrap (address taken) (0 call);
 sha224_hmac_update_wrap (address taken) (0 call);
 sha224_hmac_wrap (address taken) (0 call);
 sha224_starts_wrap (address taken) (0 call);
 sha224_update_wrap (address taken) (0 call);
 sha224_wrap (address taken) (0 call);
 sha256_ctx_alloc (address taken) (0 call);
 sha256_ctx_free (address taken) (0 call);
 sha256_file_wrap (address taken) (0 call);
 sha256_finish_wrap (address taken) (0 call);
 sha256_hmac_finish_wrap (address taken) (0 call);
 sha256_hmac_reset_wrap (address taken) (0 call);
 sha256_hmac_starts_wrap (address taken) (0 call);
 sha256_hmac_update_wrap (address taken) (0 call);
 sha256_hmac_wrap (address taken) (0 call);
 sha256_starts_wrap (address taken) (0 call);
 sha256_update_wrap (address taken) (0 call);
 sha256_wrap (address taken) (0 call); sha2_file (2 calls);
 sha2_finish (7 calls); sha2_hmac (2 calls); sha2_hmac_finish (4 calls);
 sha2_hmac_reset (2 calls); sha2_hmac_starts (5 calls);
 sha2_hmac_update (4 calls); sha2_process (2 calls); sha2_self_test (0 call);
 sha2_starts (8 calls); sha2_update (13 calls);
 sha384_ctx_alloc (address taken) (0 call);
 sha384_ctx_free (address taken) (0 call);
 sha384_file_wrap (address taken) (0 call);
 sha384_finish_wrap (address taken) (0 call);
 sha384_hmac_finish_wrap (address taken) (0 call);
 sha384_hmac_reset_wrap (address taken) (0 call);
 sha384_hmac_starts_wrap (address taken) (0 call);
 sha384_hmac_update_wrap (address taken) (0 call);
 sha384_hmac_wrap (address taken) (0 call);
 sha384_starts_wrap (address taken) (0 call);
 sha384_update_wrap (address taken) (0 call);
 sha384_wrap (address taken) (0 call); sha4 (7 calls); sha4_file (2 calls);
 sha4_finish (8 calls); sha4_hmac (2 calls); sha4_hmac_finish (4 calls);
 sha4_hmac_reset (2 calls); sha4_hmac_starts (5 calls);
 sha4_hmac_update (4 calls); sha4_process (2 calls); sha4_self_test (0 call);
 sha4_starts (10 calls); sha4_update (16 calls);
 sha512_ctx_alloc (address taken) (0 call);
 sha512_ctx_free (address taken) (0 call);
 sha512_file_wrap (address taken) (0 call);
 sha512_finish_wrap (address taken) (0 call);
 sha512_hmac_finish_wrap (address taken) (0 call);
 sha512_hmac_reset_wrap (address taken) (0 call);
 sha512_hmac_starts_wrap (address taken) (0 call);
 sha512_hmac_update_wrap (address taken) (0 call);
 sha512_hmac_wrap (address taken) (0 call);
 sha512_starts_wrap (address taken) (0 call);
 sha512_update_wrap (address taken) (0 call);
 sha512_wrap (address taken) (0 call); sighandler (address taken) (0 call);
 ssl_calc_finished (2 calls); ssl_calc_verify (2 calls);
 ssl_close_notify (1 call); ssl_decrypt_buf (1 call);
 ssl_derive_keys (4 calls); ssl_encrypt_buf (1 call);
 ssl_fetch_input (5 calls); ssl_flush_output (5 calls); ssl_free (1 call);
 ssl_get_bytes_avail (0 call); ssl_get_ciphersuite (0 call);
 ssl_get_ciphersuite_id (0 call); ssl_get_ciphersuite_name (1 call);
 ssl_get_verify_result (0 call); ssl_get_version (0 call);
 ssl_handshake (3 calls); ssl_handshake_client (1 call);
 ssl_handshake_server (1 call); ssl_init (1 call);
 ssl_list_ciphersuites (0 call); ssl_list_ciphersuites_0 (0 call);
 ssl_list_ciphersuites_1 (0 call); ssl_list_ciphersuites_2 (0 call);
 ssl_list_ciphersuites_3 (0 call); ssl_list_ciphersuites_4 (0 call);
 ssl_list_ciphersuites_5 (0 call); ssl_mac_md5 (2 calls);
 ssl_mac_sha1 (2 calls); ssl_parse_certificate (2 calls);
 ssl_parse_certificate_request (1 call);
 ssl_parse_certificate_verify (1 call);
 ssl_parse_change_cipher_spec (2 calls); ssl_parse_client_hello (1 call);
 ssl_parse_client_key_exchange (1 call); ssl_parse_finished (2 calls);
 ssl_parse_server_hello (1 call); ssl_parse_server_hello_done (1 call);
 ssl_parse_server_key_exchange (1 call); ssl_read (1 call);
 ssl_read_record (11 calls); ssl_session_reset (1 call);
 ssl_set_authmode (1 call); ssl_set_bio (1 call); ssl_set_ca_chain (1 call);
 ssl_set_ciphersuites (1 call); ssl_set_dbg (1 call);
 ssl_set_dh_param (1 call); ssl_set_dh_param_ctx (0 call);
 ssl_set_endpoint (1 call); ssl_set_hostname (0 call);
 ssl_set_max_version (0 call); ssl_set_own_cert (1 call);
 ssl_set_rng (1 call); ssl_set_scb (1 call); ssl_set_session (1 call);
 ssl_set_verify (0 call); ssl_write (1 call);
 ssl_write_certificate (2 calls); ssl_write_certificate_request (1 call);
 ssl_write_certificate_verify (1 call);
 ssl_write_change_cipher_spec (2 calls); ssl_write_client_hello (1 call);
 ssl_write_client_key_exchange (1 call); ssl_write_finished (2 calls);
 ssl_write_record (12 calls); ssl_write_server_hello (1 call);
 ssl_write_server_hello_done (1 call);
 ssl_write_server_key_exchange (1 call); tls1_prf (3 calls);
 version_get_number (0 call); version_get_string (0 call);
 version_get_string_full (0 call); x509_crl_free (19 calls);
 x509_crl_get_version (1 call); x509_free (26 calls); x509_get_alg (6 calls);
 x509_get_attr_type_value (1 call); x509_get_basic_constraints (1 call);
 x509_get_crl_entry_ext (1 call); x509_get_crl_ext (1 call);
 x509_get_crt_ext (1 call); x509_get_dates (1 call);
 x509_get_entries (1 call); x509_get_ext (2 calls);
 x509_get_ext_key_usage (1 call); x509_get_key_usage (1 call);
 x509_get_name (4 calls); x509_get_ns_cert_type (1 call);
 x509_get_pubkey (2 calls); x509_get_serial (2 calls);
 x509_get_sig (2 calls); x509_get_sig_alg (2 calls); x509_get_time (5 calls);
 x509_get_uid (2 calls); x509_get_version (1 call); x509_hash (3 calls);
 x509_oid_get_description (0 call); x509_oid_get_numeric_string (0 call);
 x509_self_test (0 call); x509parse_cert_info (1 call);
 x509parse_crl (2 calls); x509parse_crl_info (0 call);
 x509parse_crlfile (0 call); x509parse_crt (5 calls);
 x509parse_crt_der (3 calls); x509parse_crt_der_core (1 call);
 x509parse_crtfile (0 call); x509parse_dhm (2 calls);
 x509parse_dhmfile (0 call); x509parse_dn_gets (3 calls);
 x509parse_key (4 calls); x509parse_keyfile (0 call);
 x509parse_public_key (1 call); x509parse_public_keyfile (0 call);
 x509parse_revoked (1 call); x509parse_serial_gets (2 calls);
 x509parse_time_expired (3 calls); x509parse_verify (2 calls);
 x509parse_verifycrl (2 calls); xtea_crypt_cbc (0 call);
 xtea_crypt_ecb (3 calls); xtea_self_test (0 call); xtea_setup (1 call); 

Specified-only functions (2)
============================
 fc_recv (0 call); my_sprintf (1 call); 

Undefined and unspecified functions (0)
=======================================
 

'Extern' global variables (0)
=============================
 

Potential entry points (122)
============================
 aes_self_test; arc4_self_test; base64_self_test; camellia_self_test;
  cipher_finish; cipher_free_ctx; cipher_get_block_size_0;
  cipher_get_block_size_1; cipher_get_block_size_2; cipher_get_cipher_mode;
  cipher_get_cipher_mode_0; cipher_get_cipher_mode_1;
  cipher_get_cipher_mode_2; cipher_get_iv_size_0; cipher_get_iv_size_1;
  cipher_get_iv_size_2; cipher_get_key_size; cipher_get_key_size_0;
  cipher_get_key_size_1; cipher_get_key_size_2; cipher_get_name;
  cipher_get_name_0; cipher_get_name_1; cipher_get_name_2;
  cipher_get_operation; cipher_get_operation_0; cipher_get_operation_1;
  cipher_get_operation_2; cipher_get_type; cipher_get_type_0;
  cipher_get_type_1; cipher_get_type_2; cipher_info_from_string;
  cipher_init_ctx; cipher_list; cipher_reset; cipher_self_test;
  cipher_setkey; cipher_update; ctr_drbg_self_test; ctr_drbg_set_entropy_len;
  ctr_drbg_set_reseed_interval; ctr_drbg_update_seed_file; debug_fmt;
  debug_print_buf; debug_print_crt; debug_print_msg; debug_print_ret;
  des_key_check_key_parity; des_key_check_weak; des_key_set_parity;
  des_self_test; dhm_self_test; entropy_update_manual; get_timer; m_sleep;
  main; md5_self_test; md_file; md_get_name; md_get_name_0; md_get_name_1;
  md_get_name_2; md_get_size; md_get_size_0; md_get_size_1; md_get_type;
  md_get_type_0; md_get_type_1; md_get_type_2; md_hmac; md_hmac_finish;
  md_hmac_reset; md_hmac_starts; md_hmac_update; md_info_from_string;
  md_list; mpi_get_bit; mpi_read_file; mpi_self_test; mpi_set_bit;
  mpi_write_file; net_connect; net_set_block; net_set_nonblock; net_usleep;
  rsa_gen_key; rsa_self_test; set_alarm; sha1_self_test; sha2_self_test;
  sha4_self_test; ssl_get_bytes_avail; ssl_get_ciphersuite;
  ssl_get_ciphersuite_id; ssl_get_verify_result; ssl_get_version;
  ssl_list_ciphersuites; ssl_list_ciphersuites_0; ssl_list_ciphersuites_1;
  ssl_list_ciphersuites_2; ssl_list_ciphersuites_3; ssl_list_ciphersuites_4;
  ssl_list_ciphersuites_5; ssl_set_dh_param_ctx; ssl_set_hostname;
  ssl_set_max_version; ssl_set_verify; version_get_number;
  version_get_string; version_get_string_full; x509_oid_get_description;
  x509_oid_get_numeric_string; x509_self_test; x509parse_crl_info;
  x509parse_crlfile; x509parse_crtfile; x509parse_dhmfile; x509parse_keyfile;
  x509parse_public_keyfile; xtea_crypt_cbc; xtea_self_test; 

Global metrics
============== 
Sloc = 15552
Decision point = 2529
Global variables = 178
If = 2341
Loop = 295
Goto = 1342
Assignment = 6533
Exit point = 511
Function = 513
Function call = 2390
Pointer dereferencing = 4355
Cyclomatic complexity = 3040
